Using pre-set license
Built from '2020.3/release' branch; Version is '2020.3.2f1 (8fd9074bf66c) revision 9427207'; Using compiler version '192528614'; Build Type 'Release'
OS: 'Windows 10 Home; OS build 19042.985; Version 2009; 64bit' Language: 'en' Physical Memory: 65481 MB
BatchMode: 1, IsHumanControllingUs: 0, StartBugReporterOnCrash: 0, Is64bit: 1, IsPro: 0

 COMMAND LINE ARGUMENTS:
C:\Program Files\Unity\Hub\Editor\2020.3.2f1\Editor\Unity.exe
-adb2
-batchMode
-noUpm
-name
AssetImportWorker0
-projectPath
C:/Users/midge/Desktop/Comp2007/Main Assignment/Comp2007Street
-logFile
Logs/AssetImportWorker0.log
-srvPort
56707
Successfully changed project path to: C:/Users/midge/Desktop/Comp2007/Main Assignment/Comp2007Street
C:/Users/midge/Desktop/Comp2007/Main Assignment/Comp2007Street
Using Asset Import Pipeline V2.
Refreshing native plugins compatible for Editor in 18.68 ms, found 0 plugins.
Preloading 0 native plugins for Editor in 0.00 ms.
Initialize engine version: 2020.3.2f1 (8fd9074bf66c)
[Subsystems] Discovering subsystems at path C:/Program Files/Unity/Hub/Editor/2020.3.2f1/Editor/Data/Resources/UnitySubsystems
[Subsystems] Discovering subsystems at path C:/Users/midge/Desktop/Comp2007/Main Assignment/Comp2007Street/Assets
GfxDevice: creating device client; threaded=0
Direct3D:
    Version:  Direct3D 11.0 [level 11.1]
    Renderer: NVIDIA GeForce GTX 1060 6GB (ID=0x1c03)
    Vendor:   
    VRAM:     6052 MB
    Driver:   27.21.14.6647
Initialize mono
Mono path[0] = 'C:/Program Files/Unity/Hub/Editor/2020.3.2f1/Editor/Data/Managed'
Mono path[1] = 'C:/Program Files/Unity/Hub/Editor/2020.3.2f1/Editor/Data/MonoBleedingEdge/lib/mono/unityjit'
Mono config path = 'C:/Program Files/Unity/Hub/Editor/2020.3.2f1/Editor/Data/MonoBleedingEdge/etc'
Using monoOptions --debugger-agent=transport=dt_socket,embedding=1,server=y,suspend=n,address=127.0.0.1:56808
Begin MonoManager ReloadAssembly
Registering precompiled unity dll's ...
Register platform support module: C:/Program Files/Unity/Hub/Editor/2020.3.2f1/Editor/Data/PlaybackEngines/WindowsStandaloneSupport/UnityEditor.WindowsStandalone.Extensions.dll
Registered in 0.001629 seconds.
Native extension for WindowsStandalone target not found
Refreshing native plugins compatible for Editor in 18.17 ms, found 0 plugins.
Preloading 0 native plugins for Editor in 0.00 ms.
Invoked RoslynAnalysisRunner static constructor.
RoslynAnalysisRunner will not be running.
RoslynAnalysisRunner has terminated.
Mono: successfully reloaded assembly
- Completed reload, in  0.854 seconds
Platform modules already initialized, skipping
Registering precompiled user dll's ...
Registered in 0.000568 seconds.
Begin MonoManager ReloadAssembly
Native extension for WindowsStandalone target not found
Refreshing native plugins compatible for Editor in 0.28 ms, found 0 plugins.
Preloading 0 native plugins for Editor in 0.00 ms.
Invoked RoslynAnalysisRunner static constructor.
RoslynAnalysisRunner will not be running.
RoslynAnalysisRunner has terminated.
Mono: successfully reloaded assembly
- Completed reload, in  0.734 seconds
Platform modules already initialized, skipping
========================================================================
Worker process is ready to serve import requests
Launched and connected shader compiler UnityShaderCompiler.exe after 0.04 seconds
Refreshing native plugins compatible for Editor in 0.17 ms, found 0 plugins.
Preloading 0 native plugins for Editor in 0.00 ms.
Unloading 1115 Unused Serialized files (Serialized files now loaded: 0)
System memory in use before: 57.1 MB.
System memory in use after: 57.1 MB.

Unloading 10 unused Assets to reduce memory usage. Loaded Objects now: 1557.
Total: 1.275800 ms (FindLiveObjects: 0.115200 ms CreateObjectMapping: 0.030700 ms MarkObjects: 1.070100 ms  DeleteObjects: 0.058900 ms)

========================================================================
Received Import Request.
  path: Assets/JJ_Casual RPG Character - 8Ekard v1.1/Scenes
  artifactKey: Guid(4435b9f86faa46e4d89ad2ff3daaee3a) Importer(815301076,1909f56bfc062723c751e8b465ee728b)
Start importing Assets/JJ_Casual RPG Character - 8Ekard v1.1/Scenes using Guid(4435b9f86faa46e4d89ad2ff3daaee3a) Importer(815301076,1909f56bfc062723c751e8b465ee728b)  -> (artifact id: 'bb2f3a5e2070995070fe472699ddef9c') in 0.007396 seconds
  Import took 0.009019 seconds .

========================================================================
Received Import Request.
  Time since last request: 1.073102 seconds.
  path: Assets/JJ_Casual RPG Character - 8Ekard v1.1/Scenes/Ekard_Generic.unity
  artifactKey: Guid(e59b3a4d9d30e764a87ad834e8d46af3) Importer(815301076,1909f56bfc062723c751e8b465ee728b)
Start importing Assets/JJ_Casual RPG Character - 8Ekard v1.1/Scenes/Ekard_Generic.unity using Guid(e59b3a4d9d30e764a87ad834e8d46af3) Importer(815301076,1909f56bfc062723c751e8b465ee728b)  -> (artifact id: 'afc9bbb6b307fa9f7c6e6b985552b38a') in 0.011925 seconds
  Import took 0.013670 seconds .

========================================================================
Received Prepare
Registering precompiled user dll's ...
Registered in 0.000604 seconds.
Begin MonoManager ReloadAssembly
Native extension for WindowsStandalone target not found
Refreshing native plugins compatible for Editor in 0.17 ms, found 0 plugins.
Preloading 0 native plugins for Editor in 0.00 ms.
Invoked RoslynAnalysisRunner static constructor.
RoslynAnalysisRunner will not be running.
RoslynAnalysisRunner has terminated.
Mono: successfully reloaded assembly
- Completed reload, in  0.745 seconds
Platform modules already initialized, skipping
Refreshing native plugins compatible for Editor in 0.23 ms, found 0 plugins.
Preloading 0 native plugins for Editor in 0.00 ms.
Unloading 1110 Unused Serialized files (Serialized files now loaded: 0)
System memory in use before: 57.0 MB.
System memory in use after: 57.1 MB.

Unloading 5 unused Assets to reduce memory usage. Loaded Objects now: 1560.
Total: 1.953000 ms (FindLiveObjects: 0.211200 ms CreateObjectMapping: 0.057300 ms MarkObjects: 1.636500 ms  DeleteObjects: 0.046700 ms)

========================================================================
Received Import Request.
  Time since last request: 163.815705 seconds.
  path: Assets/JJ_Casual RPG Character - 8Ekard v1.1/Models/Animator/Ekard_Generic.controller
  artifactKey: Guid(dd1ba564703fb8240bb69db69f4af349) Importer(815301076,1909f56bfc062723c751e8b465ee728b)
Start importing Assets/JJ_Casual RPG Character - 8Ekard v1.1/Models/Animator/Ekard_Generic.controller using Guid(dd1ba564703fb8240bb69db69f4af349) Importer(815301076,1909f56bfc062723c751e8b465ee728b)  -> (artifact id: 'e85cbb4fa44d66cceea7eca745175945') in 0.039500 seconds
  Import took 0.041437 seconds .

========================================================================
Received Prepare
Registering precompiled user dll's ...
Registered in 0.000567 seconds.
Begin MonoManager ReloadAssembly
Native extension for WindowsStandalone target not found
Refreshing native plugins compatible for Editor in 0.18 ms, found 0 plugins.
Preloading 0 native plugins for Editor in 0.00 ms.
Invoked RoslynAnalysisRunner static constructor.
RoslynAnalysisRunner will not be running.
RoslynAnalysisRunner has terminated.
Mono: successfully reloaded assembly
- Completed reload, in  0.633 seconds
Platform modules already initialized, skipping
Refreshing native plugins compatible for Editor in 0.20 ms, found 0 plugins.
Preloading 0 native plugins for Editor in 0.00 ms.
Unloading 1110 Unused Serialized files (Serialized files now loaded: 0)
System memory in use before: 57.1 MB.
System memory in use after: 57.1 MB.

Unloading 5 unused Assets to reduce memory usage. Loaded Objects now: 1563.
Total: 1.318100 ms (FindLiveObjects: 0.167700 ms CreateObjectMapping: 0.034500 ms MarkObjects: 1.074400 ms  DeleteObjects: 0.040500 ms)

========================================================================
Received Prepare
Registering precompiled user dll's ...
Registered in 0.000554 seconds.
Begin MonoManager ReloadAssembly
Native extension for WindowsStandalone target not found
Refreshing native plugins compatible for Editor in 0.18 ms, found 0 plugins.
Preloading 0 native plugins for Editor in 0.00 ms.
Invoked RoslynAnalysisRunner static constructor.
RoslynAnalysisRunner will not be running.
RoslynAnalysisRunner has terminated.
Mono: successfully reloaded assembly
- Completed reload, in  0.657 seconds
Platform modules already initialized, skipping
Refreshing native plugins compatible for Editor in 0.17 ms, found 0 plugins.
Preloading 0 native plugins for Editor in 0.00 ms.
Unloading 1111 Unused Serialized files (Serialized files now loaded: 0)
System memory in use before: 57.1 MB.
System memory in use after: 57.2 MB.

Unloading 5 unused Assets to reduce memory usage. Loaded Objects now: 1567.
Total: 1.331700 ms (FindLiveObjects: 0.130100 ms CreateObjectMapping: 0.045200 ms MarkObjects: 1.111700 ms  DeleteObjects: 0.043800 ms)

========================================================================
Received Prepare
Registering precompiled user dll's ...
Registered in 0.000784 seconds.
Begin MonoManager ReloadAssembly
Native extension for WindowsStandalone target not found
Refreshing native plugins compatible for Editor in 0.17 ms, found 0 plugins.
Preloading 0 native plugins for Editor in 0.00 ms.
Invoked RoslynAnalysisRunner static constructor.
RoslynAnalysisRunner will not be running.
RoslynAnalysisRunner has terminated.
Mono: successfully reloaded assembly
- Completed reload, in  0.650 seconds
Platform modules already initialized, skipping
Refreshing native plugins compatible for Editor in 0.16 ms, found 0 plugins.
Preloading 0 native plugins for Editor in 0.00 ms.
Unloading 1111 Unused Serialized files (Serialized files now loaded: 0)
System memory in use before: 57.1 MB.
System memory in use after: 57.2 MB.

Unloading 5 unused Assets to reduce memory usage. Loaded Objects now: 1570.
Total: 1.252100 ms (FindLiveObjects: 0.145400 ms CreateObjectMapping: 0.031500 ms MarkObjects: 1.036700 ms  DeleteObjects: 0.037700 ms)

========================================================================
Received Prepare
Registering precompiled user dll's ...
Registered in 0.000559 seconds.
Begin MonoManager ReloadAssembly
Native extension for WindowsStandalone target not found
Refreshing native plugins compatible for Editor in 0.17 ms, found 0 plugins.
Preloading 0 native plugins for Editor in 0.00 ms.
Invoked RoslynAnalysisRunner static constructor.
RoslynAnalysisRunner will not be running.
RoslynAnalysisRunner has terminated.
Mono: successfully reloaded assembly
- Completed reload, in  0.657 seconds
Platform modules already initialized, skipping
Refreshing native plugins compatible for Editor in 0.18 ms, found 0 plugins.
Preloading 0 native plugins for Editor in 0.00 ms.
Unloading 1111 Unused Serialized files (Serialized files now loaded: 0)
System memory in use before: 57.1 MB.
System memory in use after: 57.2 MB.

Unloading 5 unused Assets to reduce memory usage. Loaded Objects now: 1573.
Total: 1.267900 ms (FindLiveObjects: 0.112600 ms CreateObjectMapping: 0.028900 ms MarkObjects: 1.087100 ms  DeleteObjects: 0.038100 ms)

========================================================================
Received Prepare
Registering precompiled user dll's ...
Registered in 0.000701 seconds.
Begin MonoManager ReloadAssembly
Native extension for WindowsStandalone target not found
Refreshing native plugins compatible for Editor in 0.19 ms, found 0 plugins.
Preloading 0 native plugins for Editor in 0.00 ms.
Invoked RoslynAnalysisRunner static constructor.
RoslynAnalysisRunner will not be running.
RoslynAnalysisRunner has terminated.
Mono: successfully reloaded assembly
- Completed reload, in  0.812 seconds
Platform modules already initialized, skipping
Refreshing native plugins compatible for Editor in 0.29 ms, found 0 plugins.
Preloading 0 native plugins for Editor in 0.00 ms.
Unloading 1111 Unused Serialized files (Serialized files now loaded: 0)
System memory in use before: 57.1 MB.
System memory in use after: 57.2 MB.

Unloading 5 unused Assets to reduce memory usage. Loaded Objects now: 1576.
Total: 1.930600 ms (FindLiveObjects: 0.158300 ms CreateObjectMapping: 0.050800 ms MarkObjects: 1.661800 ms  DeleteObjects: 0.058400 ms)

========================================================================
Received Prepare
Registering precompiled user dll's ...
Registered in 0.000771 seconds.
Begin MonoManager ReloadAssembly
Native extension for WindowsStandalone target not found
Refreshing native plugins compatible for Editor in 0.18 ms, found 0 plugins.
Preloading 0 native plugins for Editor in 0.00 ms.
Invoked RoslynAnalysisRunner static constructor.
RoslynAnalysisRunner will not be running.
RoslynAnalysisRunner has terminated.
Mono: successfully reloaded assembly
- Completed reload, in  0.643 seconds
Platform modules already initialized, skipping
Refreshing native plugins compatible for Editor in 0.20 ms, found 0 plugins.
Preloading 0 native plugins for Editor in 0.00 ms.
Unloading 1111 Unused Serialized files (Serialized files now loaded: 0)
System memory in use before: 57.1 MB.
System memory in use after: 57.2 MB.

Unloading 5 unused Assets to reduce memory usage. Loaded Objects now: 1579.
Total: 1.226100 ms (FindLiveObjects: 0.104100 ms CreateObjectMapping: 0.026000 ms MarkObjects: 1.056500 ms  DeleteObjects: 0.038500 ms)

========================================================================
Received Prepare
Registering precompiled user dll's ...
Registered in 0.000566 seconds.
Begin MonoManager ReloadAssembly
Native extension for WindowsStandalone target not found
Refreshing native plugins compatible for Editor in 0.18 ms, found 0 plugins.
Preloading 0 native plugins for Editor in 0.00 ms.
Invoked RoslynAnalysisRunner static constructor.
RoslynAnalysisRunner will not be running.
RoslynAnalysisRunner has terminated.
Mono: successfully reloaded assembly
- Completed reload, in  0.637 seconds
Platform modules already initialized, skipping
Refreshing native plugins compatible for Editor in 0.17 ms, found 0 plugins.
Preloading 0 native plugins for Editor in 0.00 ms.
Unloading 1111 Unused Serialized files (Serialized files now loaded: 0)
System memory in use before: 57.1 MB.
System memory in use after: 57.2 MB.

Unloading 5 unused Assets to reduce memory usage. Loaded Objects now: 1582.
Total: 1.254800 ms (FindLiveObjects: 0.117000 ms CreateObjectMapping: 0.031700 ms MarkObjects: 1.066200 ms  DeleteObjects: 0.038600 ms)

========================================================================
Received Prepare
Registering precompiled user dll's ...
Registered in 0.000697 seconds.
Begin MonoManager ReloadAssembly
Native extension for WindowsStandalone target not found
Refreshing native plugins compatible for Editor in 0.18 ms, found 0 plugins.
Preloading 0 native plugins for Editor in 0.00 ms.
Invoked RoslynAnalysisRunner static constructor.
RoslynAnalysisRunner will not be running.
RoslynAnalysisRunner has terminated.
Mono: successfully reloaded assembly
- Completed reload, in  0.646 seconds
Platform modules already initialized, skipping
Refreshing native plugins compatible for Editor in 0.24 ms, found 0 plugins.
Preloading 0 native plugins for Editor in 0.00 ms.
Unloading 1111 Unused Serialized files (Serialized files now loaded: 0)
System memory in use before: 57.1 MB.
System memory in use after: 57.2 MB.

Unloading 5 unused Assets to reduce memory usage. Loaded Objects now: 1585.
Total: 1.323700 ms (FindLiveObjects: 0.128700 ms CreateObjectMapping: 0.030600 ms MarkObjects: 1.116300 ms  DeleteObjects: 0.047300 ms)

========================================================================
Received Prepare
Registering precompiled user dll's ...
Registered in 0.000635 seconds.
Begin MonoManager ReloadAssembly
Native extension for WindowsStandalone target not found
Refreshing native plugins compatible for Editor in 0.18 ms, found 0 plugins.
Preloading 0 native plugins for Editor in 0.00 ms.
Invoked RoslynAnalysisRunner static constructor.
RoslynAnalysisRunner will not be running.
RoslynAnalysisRunner has terminated.
Mono: successfully reloaded assembly
- Completed reload, in  0.657 seconds
Platform modules already initialized, skipping
Refreshing native plugins compatible for Editor in 0.18 ms, found 0 plugins.
Preloading 0 native plugins for Editor in 0.00 ms.
Unloading 1111 Unused Serialized files (Serialized files now loaded: 0)
System memory in use before: 57.1 MB.
System memory in use after: 57.2 MB.

Unloading 5 unused Assets to reduce memory usage. Loaded Objects now: 1588.
Total: 1.247700 ms (FindLiveObjects: 0.115700 ms CreateObjectMapping: 0.031400 ms MarkObjects: 1.061300 ms  DeleteObjects: 0.038600 ms)

========================================================================
Received Prepare
Registering precompiled user dll's ...
Registered in 0.000813 seconds.
Begin MonoManager ReloadAssembly
Native extension for WindowsStandalone target not found
Refreshing native plugins compatible for Editor in 0.18 ms, found 0 plugins.
Preloading 0 native plugins for Editor in 0.00 ms.
Invoked RoslynAnalysisRunner static constructor.
RoslynAnalysisRunner will not be running.
RoslynAnalysisRunner has terminated.
Mono: successfully reloaded assembly
- Completed reload, in  0.650 seconds
Platform modules already initialized, skipping
Refreshing native plugins compatible for Editor in 0.18 ms, found 0 plugins.
Preloading 0 native plugins for Editor in 0.00 ms.
Unloading 1111 Unused Serialized files (Serialized files now loaded: 0)
System memory in use before: 57.1 MB.
System memory in use after: 57.2 MB.

Unloading 5 unused Assets to reduce memory usage. Loaded Objects now: 1591.
Total: 1.298400 ms (FindLiveObjects: 0.124300 ms CreateObjectMapping: 0.026400 ms MarkObjects: 1.105900 ms  DeleteObjects: 0.040900 ms)

========================================================================
Received Import Request.
  Time since last request: 1264.408488 seconds.
  path: Assets/CameraFollow.cs
  artifactKey: Guid(b020cef6ac46d1a438bc6a382a7fb541) Importer(815301076,1909f56bfc062723c751e8b465ee728b)
Start importing Assets/CameraFollow.cs using Guid(b020cef6ac46d1a438bc6a382a7fb541) Importer(815301076,1909f56bfc062723c751e8b465ee728b)  -> (artifact id: 'f99791542d2e2a1fc760f58f3c1da857') in 0.017518 seconds
  Import took 0.019999 seconds .

========================================================================
Received Prepare
Registering precompiled user dll's ...
Registered in 0.000588 seconds.
Begin MonoManager ReloadAssembly
Native extension for WindowsStandalone target not found
Refreshing native plugins compatible for Editor in 0.18 ms, found 0 plugins.
Preloading 0 native plugins for Editor in 0.00 ms.
Invoked RoslynAnalysisRunner static constructor.
RoslynAnalysisRunner will not be running.
RoslynAnalysisRunner has terminated.
Mono: successfully reloaded assembly
- Completed reload, in  0.632 seconds
Platform modules already initialized, skipping
Refreshing native plugins compatible for Editor in 0.17 ms, found 0 plugins.
Preloading 0 native plugins for Editor in 0.00 ms.
Unloading 1111 Unused Serialized files (Serialized files now loaded: 0)
System memory in use before: 57.2 MB.
System memory in use after: 57.2 MB.

Unloading 5 unused Assets to reduce memory usage. Loaded Objects now: 1594.
Total: 1.238600 ms (FindLiveObjects: 0.114900 ms CreateObjectMapping: 0.029400 ms MarkObjects: 1.053800 ms  DeleteObjects: 0.039600 ms)

========================================================================
Received Import Request.
  Time since last request: 203.482382 seconds.
  path: Assets/Scripts
  artifactKey: Guid(3d5d1ea047a1dd243bf05d6034d19d21) Importer(815301076,1909f56bfc062723c751e8b465ee728b)
Start importing Assets/Scripts using Guid(3d5d1ea047a1dd243bf05d6034d19d21) Importer(815301076,1909f56bfc062723c751e8b465ee728b)  -> (artifact id: 'e725bcfeb927c3a7061c0af06436562a') in 0.009861 seconds
  Import took 0.011477 seconds .

========================================================================
Received Prepare
Registering precompiled user dll's ...
Registered in 0.000612 seconds.
Begin MonoManager ReloadAssembly
Native extension for WindowsStandalone target not found
Refreshing native plugins compatible for Editor in 0.18 ms, found 0 plugins.
Preloading 0 native plugins for Editor in 0.00 ms.
Invoked RoslynAnalysisRunner static constructor.
RoslynAnalysisRunner will not be running.
RoslynAnalysisRunner has terminated.
Mono: successfully reloaded assembly
- Completed reload, in  0.688 seconds
Platform modules already initialized, skipping
Refreshing native plugins compatible for Editor in 0.20 ms, found 0 plugins.
Preloading 0 native plugins for Editor in 0.00 ms.
Unloading 1111 Unused Serialized files (Serialized files now loaded: 0)
System memory in use before: 57.2 MB.
System memory in use after: 57.2 MB.

Unloading 5 unused Assets to reduce memory usage. Loaded Objects now: 1597.
Total: 1.332000 ms (FindLiveObjects: 0.122000 ms CreateObjectMapping: 0.029500 ms MarkObjects: 1.118400 ms  DeleteObjects: 0.061100 ms)

========================================================================
Received Import Request.
  Time since last request: 16.525568 seconds.
  path: Assets/Scripts/PlayerMovement.cs
  artifactKey: Guid(60d64c026ebf7844ca75e4845a8e955c) Importer(815301076,1909f56bfc062723c751e8b465ee728b)
Start importing Assets/Scripts/PlayerMovement.cs using Guid(60d64c026ebf7844ca75e4845a8e955c) Importer(815301076,1909f56bfc062723c751e8b465ee728b)  -> (artifact id: '45c8ed9d7e895998e177c0fb2e1accfa') in 0.009697 seconds
  Import took 0.011736 seconds .

========================================================================
Received Prepare
Registering precompiled user dll's ...
Registered in 0.000593 seconds.
Begin MonoManager ReloadAssembly
Native extension for WindowsStandalone target not found
Refreshing native plugins compatible for Editor in 0.36 ms, found 0 plugins.
Preloading 0 native plugins for Editor in 0.00 ms.
Invoked RoslynAnalysisRunner static constructor.
RoslynAnalysisRunner will not be running.
RoslynAnalysisRunner has terminated.
Mono: successfully reloaded assembly
- Completed reload, in  0.871 seconds
Platform modules already initialized, skipping
Refreshing native plugins compatible for Editor in 0.17 ms, found 0 plugins.
Preloading 0 native plugins for Editor in 0.00 ms.
Unloading 1112 Unused Serialized files (Serialized files now loaded: 0)
System memory in use before: 57.2 MB.
System memory in use after: 57.3 MB.

Unloading 5 unused Assets to reduce memory usage. Loaded Objects now: 1601.
Total: 1.570300 ms (FindLiveObjects: 0.183900 ms CreateObjectMapping: 0.065600 ms MarkObjects: 1.276000 ms  DeleteObjects: 0.042400 ms)

========================================================================
Received Prepare
Registering precompiled user dll's ...
Registered in 0.000635 seconds.
Begin MonoManager ReloadAssembly
Native extension for WindowsStandalone target not found
Refreshing native plugins compatible for Editor in 0.26 ms, found 0 plugins.
Preloading 0 native plugins for Editor in 0.00 ms.
Invoked RoslynAnalysisRunner static constructor.
RoslynAnalysisRunner will not be running.
RoslynAnalysisRunner has terminated.
Mono: successfully reloaded assembly
- Completed reload, in  0.692 seconds
Platform modules already initialized, skipping
Refreshing native plugins compatible for Editor in 0.17 ms, found 0 plugins.
Preloading 0 native plugins for Editor in 0.00 ms.
Unloading 1112 Unused Serialized files (Serialized files now loaded: 0)
System memory in use before: 57.2 MB.
System memory in use after: 57.3 MB.

Unloading 5 unused Assets to reduce memory usage. Loaded Objects now: 1604.
Total: 1.617300 ms (FindLiveObjects: 0.304100 ms CreateObjectMapping: 0.081800 ms MarkObjects: 1.187300 ms  DeleteObjects: 0.043200 ms)

========================================================================
Received Import Request.
  Time since last request: 154.941102 seconds.
  path: Assets/Scripts/PlayerMovement.cs
  artifactKey: Guid(60d64c026ebf7844ca75e4845a8e955c) Importer(815301076,1909f56bfc062723c751e8b465ee728b)
Start importing Assets/Scripts/PlayerMovement.cs using Guid(60d64c026ebf7844ca75e4845a8e955c) Importer(815301076,1909f56bfc062723c751e8b465ee728b)  -> (artifact id: '543a9d4d502930efde7094af8d9d4dd6') in 0.005347 seconds
  Import took 0.007024 seconds .

========================================================================
Received Prepare
Registering precompiled user dll's ...
Registered in 0.000573 seconds.
Begin MonoManager ReloadAssembly
Native extension for WindowsStandalone target not found
Refreshing native plugins compatible for Editor in 0.17 ms, found 0 plugins.
Preloading 0 native plugins for Editor in 0.00 ms.
Invoked RoslynAnalysisRunner static constructor.
RoslynAnalysisRunner will not be running.
RoslynAnalysisRunner has terminated.
Mono: successfully reloaded assembly
- Completed reload, in  0.694 seconds
Platform modules already initialized, skipping
Refreshing native plugins compatible for Editor in 0.18 ms, found 0 plugins.
Preloading 0 native plugins for Editor in 0.00 ms.
Unloading 1112 Unused Serialized files (Serialized files now loaded: 0)
System memory in use before: 57.2 MB.
System memory in use after: 57.3 MB.

Unloading 5 unused Assets to reduce memory usage. Loaded Objects now: 1607.
Total: 1.460200 ms (FindLiveObjects: 0.120600 ms CreateObjectMapping: 0.030100 ms MarkObjects: 1.265700 ms  DeleteObjects: 0.042900 ms)

========================================================================
Received Prepare
Registering precompiled user dll's ...
Registered in 0.000962 seconds.
Begin MonoManager ReloadAssembly
Native extension for WindowsStandalone target not found
Refreshing native plugins compatible for Editor in 0.22 ms, found 0 plugins.
Preloading 0 native plugins for Editor in 0.00 ms.
Invoked RoslynAnalysisRunner static constructor.
RoslynAnalysisRunner will not be running.
RoslynAnalysisRunner has terminated.
Mono: successfully reloaded assembly
- Completed reload, in  0.796 seconds
Platform modules already initialized, skipping
Refreshing native plugins compatible for Editor in 0.17 ms, found 0 plugins.
Preloading 0 native plugins for Editor in 0.00 ms.
Unloading 1112 Unused Serialized files (Serialized files now loaded: 0)
System memory in use before: 57.2 MB.
System memory in use after: 57.3 MB.

Unloading 5 unused Assets to reduce memory usage. Loaded Objects now: 1610.
Total: 1.259000 ms (FindLiveObjects: 0.118100 ms CreateObjectMapping: 0.029900 ms MarkObjects: 1.071900 ms  DeleteObjects: 0.038200 ms)

========================================================================
Received Prepare
Registering precompiled user dll's ...
Registered in 0.000601 seconds.
Begin MonoManager ReloadAssembly
Native extension for WindowsStandalone target not found
Refreshing native plugins compatible for Editor in 0.17 ms, found 0 plugins.
Preloading 0 native plugins for Editor in 0.00 ms.
Invoked RoslynAnalysisRunner static constructor.
RoslynAnalysisRunner will not be running.
RoslynAnalysisRunner has terminated.
Mono: successfully reloaded assembly
- Completed reload, in  0.663 seconds
Platform modules already initialized, skipping
Refreshing native plugins compatible for Editor in 0.18 ms, found 0 plugins.
Preloading 0 native plugins for Editor in 0.00 ms.
Unloading 1112 Unused Serialized files (Serialized files now loaded: 0)
System memory in use before: 57.2 MB.
System memory in use after: 57.3 MB.

Unloading 5 unused Assets to reduce memory usage. Loaded Objects now: 1613.
Total: 1.427600 ms (FindLiveObjects: 0.128300 ms CreateObjectMapping: 0.036300 ms MarkObjects: 1.213800 ms  DeleteObjects: 0.048100 ms)

========================================================================
Received Prepare
Registering precompiled user dll's ...
Registered in 0.000543 seconds.
Begin MonoManager ReloadAssembly
Native extension for WindowsStandalone target not found
Refreshing native plugins compatible for Editor in 0.21 ms, found 0 plugins.
Preloading 0 native plugins for Editor in 0.00 ms.
Invoked RoslynAnalysisRunner static constructor.
RoslynAnalysisRunner will not be running.
RoslynAnalysisRunner has terminated.
Mono: successfully reloaded assembly
- Completed reload, in  0.683 seconds
Platform modules already initialized, skipping
Refreshing native plugins compatible for Editor in 0.17 ms, found 0 plugins.
Preloading 0 native plugins for Editor in 0.00 ms.
Unloading 1112 Unused Serialized files (Serialized files now loaded: 0)
System memory in use before: 57.2 MB.
System memory in use after: 57.3 MB.

Unloading 5 unused Assets to reduce memory usage. Loaded Objects now: 1616.
Total: 1.394900 ms (FindLiveObjects: 0.174800 ms CreateObjectMapping: 0.060800 ms MarkObjects: 1.111500 ms  DeleteObjects: 0.047100 ms)

========================================================================
Received Import Request.
  Time since last request: 1585.867269 seconds.
  path: Assets/Scripts/PlayerMovement.cs
  artifactKey: Guid(60d64c026ebf7844ca75e4845a8e955c) Importer(815301076,1909f56bfc062723c751e8b465ee728b)
Start importing Assets/Scripts/PlayerMovement.cs using Guid(60d64c026ebf7844ca75e4845a8e955c) Importer(815301076,1909f56bfc062723c751e8b465ee728b)  -> (artifact id: 'b8c5d099607433c069a775828055bca4') in 0.006573 seconds
  Import took 0.008401 seconds .

========================================================================
Received Prepare
Registering precompiled user dll's ...
Registered in 0.000627 seconds.
Begin MonoManager ReloadAssembly
Native extension for WindowsStandalone target not found
Refreshing native plugins compatible for Editor in 0.18 ms, found 0 plugins.
Preloading 0 native plugins for Editor in 0.00 ms.
Invoked RoslynAnalysisRunner static constructor.
RoslynAnalysisRunner will not be running.
RoslynAnalysisRunner has terminated.
Mono: successfully reloaded assembly
- Completed reload, in  0.636 seconds
Platform modules already initialized, skipping
Refreshing native plugins compatible for Editor in 0.18 ms, found 0 plugins.
Preloading 0 native plugins for Editor in 0.00 ms.
Unloading 1112 Unused Serialized files (Serialized files now loaded: 0)
System memory in use before: 57.2 MB.
System memory in use after: 57.3 MB.

Unloading 5 unused Assets to reduce memory usage. Loaded Objects now: 1619.
Total: 1.379200 ms (FindLiveObjects: 0.128700 ms CreateObjectMapping: 0.031400 ms MarkObjects: 1.165200 ms  DeleteObjects: 0.052600 ms)

========================================================================
Received Prepare
Registering precompiled user dll's ...
Registered in 0.000562 seconds.
Begin MonoManager ReloadAssembly
Native extension for WindowsStandalone target not found
Refreshing native plugins compatible for Editor in 0.20 ms, found 0 plugins.
Preloading 0 native plugins for Editor in 0.00 ms.
Invoked RoslynAnalysisRunner static constructor.
RoslynAnalysisRunner will not be running.
RoslynAnalysisRunner has terminated.
Mono: successfully reloaded assembly
- Completed reload, in  0.736 seconds
Platform modules already initialized, skipping
Refreshing native plugins compatible for Editor in 0.20 ms, found 0 plugins.
Preloading 0 native plugins for Editor in 0.00 ms.
Unloading 1113 Unused Serialized files (Serialized files now loaded: 0)
System memory in use before: 57.2 MB.
System memory in use after: 57.3 MB.

Unloading 5 unused Assets to reduce memory usage. Loaded Objects now: 1623.
Total: 1.653000 ms (FindLiveObjects: 0.197900 ms CreateObjectMapping: 0.055100 ms MarkObjects: 1.352900 ms  DeleteObjects: 0.045900 ms)

========================================================================
Received Import Request.
  Time since last request: 222.316414 seconds.
  path: Assets/Scenes/SampleScene.unity
  artifactKey: Guid(9fc0d4010bbf28b4594072e72b8655ab) Importer(815301076,1909f56bfc062723c751e8b465ee728b)
Start importing Assets/Scenes/SampleScene.unity using Guid(9fc0d4010bbf28b4594072e72b8655ab) Importer(815301076,1909f56bfc062723c751e8b465ee728b)  -> (artifact id: '0455ff04fb3923d1d0a635d0ba3776be') in 0.012149 seconds
  Import took 0.013898 seconds .

========================================================================
Received Import Request.
  Time since last request: 7.348499 seconds.
  path: Assets/SkythianCat/Glowing_Forest
  artifactKey: Guid(15e4d63b294ef7744b60940d46ee8a1b) Importer(815301076,1909f56bfc062723c751e8b465ee728b)
Start importing Assets/SkythianCat/Glowing_Forest using Guid(15e4d63b294ef7744b60940d46ee8a1b) Importer(815301076,1909f56bfc062723c751e8b465ee728b)  -> (artifact id: 'ae41e3cf8a5da3b89f2dde94e50c2bc7') in 0.006890 seconds
  Import took 0.008816 seconds .

========================================================================
Received Import Request.
  Time since last request: 2.299689 seconds.
  path: Assets/SkythianCat/Glowing_Forest/DEMO
  artifactKey: Guid(6a8a3097dced27040ad8564b444d0eb3) Importer(815301076,1909f56bfc062723c751e8b465ee728b)
Start importing Assets/SkythianCat/Glowing_Forest/DEMO using Guid(6a8a3097dced27040ad8564b444d0eb3) Importer(815301076,1909f56bfc062723c751e8b465ee728b)  -> (artifact id: '2e000e8d6a85b27072955726fc806784') in 0.006287 seconds
  Import took 0.008089 seconds .

========================================================================
Received Import Request.
  Time since last request: 0.065071 seconds.
  path: Assets/SkythianCat/Glowing_Forest/DEMO/Demo_terrain.asset
  artifactKey: Guid(e8b144a040126af469be6e95040b0fcd) Importer(815301076,1909f56bfc062723c751e8b465ee728b)
Start importing Assets/SkythianCat/Glowing_Forest/DEMO/Demo_terrain.asset using Guid(e8b144a040126af469be6e95040b0fcd) Importer(815301076,1909f56bfc062723c751e8b465ee728b)  -> (artifact id: 'cc75cde64f387e4765424bfe42168e82') in 0.057792 seconds
  Import took 0.060232 seconds .

========================================================================
Received Import Request.
  Time since last request: 0.003330 seconds.
  path: Assets/SkythianCat/Glowing_Forest/DEMO/Demo_terrain.asset
  artifactKey: Guid(e8b144a040126af469be6e95040b0fcd) Importer(815301076,1909f56bfc062723c751e8b465ee728b)
Start importing Assets/SkythianCat/Glowing_Forest/DEMO/Demo_terrain.asset using Guid(e8b144a040126af469be6e95040b0fcd) Importer(815301076,1909f56bfc062723c751e8b465ee728b)  -> (artifact id: 'cc75cde64f387e4765424bfe42168e82') in 0.026556 seconds
  Import took 0.029372 seconds .

========================================================================
Received Import Request.
  Time since last request: 1.830037 seconds.
  path: Assets/SkythianCat/Glowing_Forest/DEMO/Demo_scene01Settings.lighting
  artifactKey: Guid(5340b52074981e6458d353f43ceca7a5) Importer(815301076,1909f56bfc062723c751e8b465ee728b)
Start importing Assets/SkythianCat/Glowing_Forest/DEMO/Demo_scene01Settings.lighting using Guid(5340b52074981e6458d353f43ceca7a5) Importer(815301076,1909f56bfc062723c751e8b465ee728b) LightingSettings: switching bake backend from 1 to 0.
 -> (artifact id: '5b5017f4f4408bfe07028b912699202e') in 0.009475 seconds
  Import took 0.011108 seconds .

========================================================================
Received Import Request.
  Time since last request: 0.008306 seconds.
  path: Assets/SkythianCat/Glowing_Forest/DEMO/Demo_scene01Settings.lighting
  artifactKey: Guid(5340b52074981e6458d353f43ceca7a5) Importer(815301076,1909f56bfc062723c751e8b465ee728b)
Start importing Assets/SkythianCat/Glowing_Forest/DEMO/Demo_scene01Settings.lighting using Guid(5340b52074981e6458d353f43ceca7a5) Importer(815301076,1909f56bfc062723c751e8b465ee728b) LightingSettings: switching bake backend from 1 to 0.
 -> (artifact id: '5b5017f4f4408bfe07028b912699202e') in 0.004125 seconds
  Import took 0.005926 seconds .

========================================================================
Received Import Request.
  Time since last request: 2.107382 seconds.
  path: Assets/SkythianCat/Glowing_Forest/DEMO/Demo_scene02.unity
  artifactKey: Guid(2912b4d107388144d8e57396301eafe4) Importer(815301076,1909f56bfc062723c751e8b465ee728b)
Start importing Assets/SkythianCat/Glowing_Forest/DEMO/Demo_scene02.unity using Guid(2912b4d107388144d8e57396301eafe4) Importer(815301076,1909f56bfc062723c751e8b465ee728b)  -> (artifact id: 'fa4d401bfb9c6e245590b9a55580bda4') in 0.006951 seconds
  Import took 0.008592 seconds .

========================================================================
Received Import Request.
  Time since last request: 1.516457 seconds.
  path: Assets/SkythianCat/Glowing_Forest/DEMO/Demo_scene01.unity
  artifactKey: Guid(5d3ac0950c1edbb4890df7d2fbd3734b) Importer(815301076,1909f56bfc062723c751e8b465ee728b)
Start importing Assets/SkythianCat/Glowing_Forest/DEMO/Demo_scene01.unity using Guid(5d3ac0950c1edbb4890df7d2fbd3734b) Importer(815301076,1909f56bfc062723c751e8b465ee728b)  -> (artifact id: '46175b09485f9e65718eee61a3d74560') in 0.007184 seconds
  Import took 0.008916 seconds .

========================================================================
Received Import Request.
  Time since last request: 43.311095 seconds.
  path: Assets/JJ_Casual RPG Character - 8Ekard v1.1/Scenes/Ekard_Generic.unity
  artifactKey: Guid(e59b3a4d9d30e764a87ad834e8d46af3) Importer(815301076,1909f56bfc062723c751e8b465ee728b)
Start importing Assets/JJ_Casual RPG Character - 8Ekard v1.1/Scenes/Ekard_Generic.unity using Guid(e59b3a4d9d30e764a87ad834e8d46af3) Importer(815301076,1909f56bfc062723c751e8b465ee728b)  -> (artifact id: 'de968a3b3c50d30b9063ff1cadcb53a1') in 0.006383 seconds
  Import took 0.008269 seconds .

========================================================================
Received Import Request.
  Time since last request: 0.005236 seconds.
  path: Assets/JJ_Casual RPG Character - 8Ekard v1.1/Scenes/Ekard_Generic.unity
  artifactKey: Guid(e59b3a4d9d30e764a87ad834e8d46af3) Importer(815301076,1909f56bfc062723c751e8b465ee728b)
Start importing Assets/JJ_Casual RPG Character - 8Ekard v1.1/Scenes/Ekard_Generic.unity using Guid(e59b3a4d9d30e764a87ad834e8d46af3) Importer(815301076,1909f56bfc062723c751e8b465ee728b)  -> (artifact id: 'de968a3b3c50d30b9063ff1cadcb53a1') in 0.003006 seconds
  Import took 0.004560 seconds .

========================================================================
Received Import Request.
  Time since last request: 330.962461 seconds.
  path: Assets/SkythianCat/Glowing_Forest/DEMO/Demo_scene02Settings.lighting
  artifactKey: Guid(43c7eab37d8be7844a2198d893406e41) Importer(815301076,1909f56bfc062723c751e8b465ee728b)
Start importing Assets/SkythianCat/Glowing_Forest/DEMO/Demo_scene02Settings.lighting using Guid(43c7eab37d8be7844a2198d893406e41) Importer(815301076,1909f56bfc062723c751e8b465ee728b) LightingSettings: switching bake backend from 1 to 0.
 -> (artifact id: '4183823a0836da2003e29022ec2c384e') in 0.009599 seconds
  Import took 0.011729 seconds .

========================================================================
Received Prepare
Registering precompiled user dll's ...
Registered in 0.000741 seconds.
Begin MonoManager ReloadAssembly
Native extension for WindowsStandalone target not found
Refreshing native plugins compatible for Editor in 0.18 ms, found 0 plugins.
Preloading 0 native plugins for Editor in 0.00 ms.
Invoked RoslynAnalysisRunner static constructor.
RoslynAnalysisRunner will not be running.
RoslynAnalysisRunner has terminated.
Mono: successfully reloaded assembly
- Completed reload, in  0.622 seconds
Platform modules already initialized, skipping
Refreshing native plugins compatible for Editor in 0.19 ms, found 0 plugins.
Preloading 0 native plugins for Editor in 0.00 ms.
Unloading 1113 Unused Serialized files (Serialized files now loaded: 0)
System memory in use before: 58.7 MB.
System memory in use after: 58.2 MB.

Unloading 7 unused Assets to reduce memory usage. Loaded Objects now: 1635.
Total: 2.546300 ms (FindLiveObjects: 0.163200 ms CreateObjectMapping: 0.045800 ms MarkObjects: 1.821400 ms  DeleteObjects: 0.514900 ms)

========================================================================
Received Import Request.
  Time since last request: 45.318506 seconds.
  path: Assets/Imported Assets
  artifactKey: Guid(2d53e6b2123690044901abedd2b0b205) Importer(815301076,1909f56bfc062723c751e8b465ee728b)
Start importing Assets/Imported Assets using Guid(2d53e6b2123690044901abedd2b0b205) Importer(815301076,1909f56bfc062723c751e8b465ee728b)  -> (artifact id: '8fd45728faf229c3982ad42ff924e145') in 0.009037 seconds
  Import took 0.011090 seconds .

========================================================================
Received Prepare
Registering precompiled user dll's ...
Registered in 0.000567 seconds.
Begin MonoManager ReloadAssembly
Native extension for WindowsStandalone target not found
Refreshing native plugins compatible for Editor in 0.18 ms, found 0 plugins.
Preloading 0 native plugins for Editor in 0.00 ms.
Invoked RoslynAnalysisRunner static constructor.
RoslynAnalysisRunner will not be running.
RoslynAnalysisRunner has terminated.
Mono: successfully reloaded assembly
- Completed reload, in  0.741 seconds
Platform modules already initialized, skipping
Refreshing native plugins compatible for Editor in 0.18 ms, found 0 plugins.
Preloading 0 native plugins for Editor in 0.00 ms.
Unloading 1113 Unused Serialized files (Serialized files now loaded: 0)
System memory in use before: 58.1 MB.
System memory in use after: 58.2 MB.

Unloading 5 unused Assets to reduce memory usage. Loaded Objects now: 1638.
Total: 1.742200 ms (FindLiveObjects: 0.255000 ms CreateObjectMapping: 0.072400 ms MarkObjects: 1.368800 ms  DeleteObjects: 0.044500 ms)

========================================================================
Received Import Request.
  Time since last request: 13.626176 seconds.
  path: Assets/Imported Assets/JJ_Casual RPG Character - 8Ekard v1.1
  artifactKey: Guid(5cf079c6d1f168c408e49b75518d8a8f) Importer(815301076,1909f56bfc062723c751e8b465ee728b)
Start importing Assets/Imported Assets/JJ_Casual RPG Character - 8Ekard v1.1 using Guid(5cf079c6d1f168c408e49b75518d8a8f) Importer(815301076,1909f56bfc062723c751e8b465ee728b)  -> (artifact id: '3870d52970c253f30e924ac59303064e') in 0.007474 seconds
  Import took 0.009572 seconds .

========================================================================
Received Import Request.
  Time since last request: 0.004245 seconds.
  path: Assets/Imported Assets/JJ_Casual RPG Character - 8Ekard v1.1
  artifactKey: Guid(5cf079c6d1f168c408e49b75518d8a8f) Importer(815301076,1909f56bfc062723c751e8b465ee728b)
Start importing Assets/Imported Assets/JJ_Casual RPG Character - 8Ekard v1.1 using Guid(5cf079c6d1f168c408e49b75518d8a8f) Importer(815301076,1909f56bfc062723c751e8b465ee728b)  -> (artifact id: '3870d52970c253f30e924ac59303064e') in 0.002991 seconds
  Import took 0.005099 seconds .

========================================================================
Received Import Request.
  Time since last request: 0.741254 seconds.
  path: Assets/Imported Assets/SkythianCat
  artifactKey: Guid(8a881ed8f26646341bb371bd1811c88b) Importer(815301076,1909f56bfc062723c751e8b465ee728b)
Start importing Assets/Imported Assets/SkythianCat using Guid(8a881ed8f26646341bb371bd1811c88b) Importer(815301076,1909f56bfc062723c751e8b465ee728b)  -> (artifact id: 'd7a1f031bf9b23720f1a7f2372f6e305') in 0.007004 seconds
  Import took 0.008637 seconds .

========================================================================
Received Import Request.
  Time since last request: 0.767375 seconds.
  path: Assets/Imported Assets/_TerrainAutoUpgrade
  artifactKey: Guid(2615086787cd4b04f811341522931cfa) Importer(815301076,1909f56bfc062723c751e8b465ee728b)
Start importing Assets/Imported Assets/_TerrainAutoUpgrade using Guid(2615086787cd4b04f811341522931cfa) Importer(815301076,1909f56bfc062723c751e8b465ee728b)  -> (artifact id: '94eafed85dc1eb3b977463e73dcf29a0') in 0.007199 seconds
  Import took 0.008842 seconds .

========================================================================
Received Prepare
Registering precompiled user dll's ...
Registered in 0.000609 seconds.
Begin MonoManager ReloadAssembly
Native extension for WindowsStandalone target not found
Refreshing native plugins compatible for Editor in 0.18 ms, found 0 plugins.
Preloading 0 native plugins for Editor in 0.00 ms.
Invoked RoslynAnalysisRunner static constructor.
RoslynAnalysisRunner will not be running.
RoslynAnalysisRunner has terminated.
Mono: successfully reloaded assembly
- Completed reload, in  0.644 seconds
Platform modules already initialized, skipping
Refreshing native plugins compatible for Editor in 0.18 ms, found 0 plugins.
Preloading 0 native plugins for Editor in 0.00 ms.
Unloading 1113 Unused Serialized files (Serialized files now loaded: 0)
System memory in use before: 58.2 MB.
System memory in use after: 58.2 MB.

Unloading 5 unused Assets to reduce memory usage. Loaded Objects now: 1641.
Total: 1.368300 ms (FindLiveObjects: 0.159500 ms CreateObjectMapping: 0.039600 ms MarkObjects: 1.117000 ms  DeleteObjects: 0.051500 ms)

========================================================================
Received Prepare
Registering precompiled user dll's ...
Registered in 0.000617 seconds.
Begin MonoManager ReloadAssembly
Native extension for WindowsStandalone target not found
Refreshing native plugins compatible for Editor in 0.21 ms, found 0 plugins.
Preloading 0 native plugins for Editor in 0.00 ms.
Invoked RoslynAnalysisRunner static constructor.
RoslynAnalysisRunner will not be running.
RoslynAnalysisRunner has terminated.
Mono: successfully reloaded assembly
- Completed reload, in  0.665 seconds
Platform modules already initialized, skipping
Refreshing native plugins compatible for Editor in 0.18 ms, found 0 plugins.
Preloading 0 native plugins for Editor in 0.00 ms.
Unloading 1113 Unused Serialized files (Serialized files now loaded: 0)
System memory in use before: 58.2 MB.
System memory in use after: 58.2 MB.

Unloading 5 unused Assets to reduce memory usage. Loaded Objects now: 1644.
Total: 1.366300 ms (FindLiveObjects: 0.118400 ms CreateObjectMapping: 0.029600 ms MarkObjects: 1.158300 ms  DeleteObjects: 0.058900 ms)

========================================================================
Received Prepare
Registering precompiled user dll's ...
Registered in 0.000700 seconds.
Begin MonoManager ReloadAssembly
Native extension for WindowsStandalone target not found
Refreshing native plugins compatible for Editor in 0.19 ms, found 0 plugins.
Preloading 0 native plugins for Editor in 0.00 ms.
Invoked RoslynAnalysisRunner static constructor.
RoslynAnalysisRunner will not be running.
RoslynAnalysisRunner has terminated.
Mono: successfully reloaded assembly
- Completed reload, in  0.681 seconds
Platform modules already initialized, skipping
Refreshing native plugins compatible for Editor in 0.34 ms, found 0 plugins.
Preloading 0 native plugins for Editor in 0.00 ms.
Unloading 1113 Unused Serialized files (Serialized files now loaded: 0)
System memory in use before: 58.2 MB.
System memory in use after: 58.2 MB.

Unloading 5 unused Assets to reduce memory usage. Loaded Objects now: 1647.
Total: 1.889100 ms (FindLiveObjects: 0.131700 ms CreateObjectMapping: 0.033900 ms MarkObjects: 1.665700 ms  DeleteObjects: 0.056000 ms)

========================================================================
Received Prepare
Registering precompiled user dll's ...
Registered in 0.000755 seconds.
Begin MonoManager ReloadAssembly
Native extension for WindowsStandalone target not found
Refreshing native plugins compatible for Editor in 0.19 ms, found 0 plugins.
Preloading 0 native plugins for Editor in 0.00 ms.
Invoked RoslynAnalysisRunner static constructor.
RoslynAnalysisRunner will not be running.
RoslynAnalysisRunner has terminated.
Mono: successfully reloaded assembly
- Completed reload, in  0.651 seconds
Platform modules already initialized, skipping
Refreshing native plugins compatible for Editor in 0.26 ms, found 0 plugins.
Preloading 0 native plugins for Editor in 0.00 ms.
Unloading 1113 Unused Serialized files (Serialized files now loaded: 0)
System memory in use before: 58.2 MB.
System memory in use after: 58.2 MB.

Unloading 5 unused Assets to reduce memory usage. Loaded Objects now: 1650.
Total: 1.666100 ms (FindLiveObjects: 0.205100 ms CreateObjectMapping: 0.052200 ms MarkObjects: 1.335800 ms  DeleteObjects: 0.071700 ms)

========================================================================
Received Import Request.
  Time since last request: 711.477362 seconds.
  path: Assets/Imported Assets/SkythianCat/Glowing_Forest/Prefabs/Plants/Bush01.prefab
  artifactKey: Guid(4c9eeb66e4e34be43b04b66ff0e5bb5e) Importer(815301076,1909f56bfc062723c751e8b465ee728b)
Start importing Assets/Imported Assets/SkythianCat/Glowing_Forest/Prefabs/Plants/Bush01.prefab using Guid(4c9eeb66e4e34be43b04b66ff0e5bb5e) Importer(815301076,1909f56bfc062723c751e8b465ee728b)  -> (artifact id: '8050211c91436a50828266bbace14f6a') in 0.172209 seconds
  Import took 0.174029 seconds .

========================================================================
Received Import Request.
  Time since last request: 0.000150 seconds.
  path: Assets/Imported Assets/SkythianCat/Glowing_Forest/Prefabs/Plants/Bush02.prefab
  artifactKey: Guid(5279a4d472407d847a1cf22b68805c63) Importer(815301076,1909f56bfc062723c751e8b465ee728b)
Start importing Assets/Imported Assets/SkythianCat/Glowing_Forest/Prefabs/Plants/Bush02.prefab using Guid(5279a4d472407d847a1cf22b68805c63) Importer(815301076,1909f56bfc062723c751e8b465ee728b)  -> (artifact id: 'a2e8432d0768dfcc19a5799614fc3b7b') in 0.018592 seconds
  Import took 0.020356 seconds .

========================================================================
Received Import Request.
  Time since last request: 8.941900 seconds.
  path: Assets/Imported Assets/SkythianCat/Glowing_Forest/Prefabs/Plants/Fir.prefab
  artifactKey: Guid(681caea7d7db32e468aa5bc7e60da2f0) Importer(815301076,1909f56bfc062723c751e8b465ee728b)
Start importing Assets/Imported Assets/SkythianCat/Glowing_Forest/Prefabs/Plants/Fir.prefab using Guid(681caea7d7db32e468aa5bc7e60da2f0) Importer(815301076,1909f56bfc062723c751e8b465ee728b)  -> (artifact id: '7c4f891a9b000efe3c14037c23550df2') in 0.089612 seconds
  Import took 0.091700 seconds .

========================================================================
Received Import Request.
  Time since last request: 0.000167 seconds.
  path: Assets/Imported Assets/SkythianCat/Glowing_Forest/Prefabs/Plants/Oak.prefab
  artifactKey: Guid(38693110c240171409a05b6a2347b900) Importer(815301076,1909f56bfc062723c751e8b465ee728b)
Start importing Assets/Imported Assets/SkythianCat/Glowing_Forest/Prefabs/Plants/Oak.prefab using Guid(38693110c240171409a05b6a2347b900) Importer(815301076,1909f56bfc062723c751e8b465ee728b)  -> (artifact id: 'b8882144aeccbdd02ad3a785b60623e5') in 0.021153 seconds
  Import took 0.022967 seconds .

========================================================================
Received Import Request.
  Time since last request: 0.000172 seconds.
  path: Assets/Imported Assets/SkythianCat/Glowing_Forest/Prefabs/Plants/Birch.prefab
  artifactKey: Guid(a35ad1ca558615943a3a42547e7bef8e) Importer(815301076,1909f56bfc062723c751e8b465ee728b)
Start importing Assets/Imported Assets/SkythianCat/Glowing_Forest/Prefabs/Plants/Birch.prefab using Guid(a35ad1ca558615943a3a42547e7bef8e) Importer(815301076,1909f56bfc062723c751e8b465ee728b)  -> (artifact id: '35217e8a13bcebf66ad5203786621b09') in 0.016729 seconds
  Import took 0.020188 seconds .

========================================================================
Received Import Request.
  Time since last request: 0.011076 seconds.
  path: Assets/Imported Assets/SkythianCat/Glowing_Forest/Prefabs/Plants/Birch.prefab
  artifactKey: Guid(a35ad1ca558615943a3a42547e7bef8e) Importer(815301076,1909f56bfc062723c751e8b465ee728b)
Start importing Assets/Imported Assets/SkythianCat/Glowing_Forest/Prefabs/Plants/Birch.prefab using Guid(a35ad1ca558615943a3a42547e7bef8e) Importer(815301076,1909f56bfc062723c751e8b465ee728b)  -> (artifact id: '35217e8a13bcebf66ad5203786621b09') in 0.015217 seconds
  Import took 0.017635 seconds .

========================================================================
Received Prepare
Registering precompiled user dll's ...
Registered in 0.000619 seconds.
Begin MonoManager ReloadAssembly
Native extension for WindowsStandalone target not found
Refreshing native plugins compatible for Editor in 0.18 ms, found 0 plugins.
Preloading 0 native plugins for Editor in 0.00 ms.
Invoked RoslynAnalysisRunner static constructor.
RoslynAnalysisRunner will not be running.
RoslynAnalysisRunner has terminated.
Mono: successfully reloaded assembly
- Completed reload, in  0.679 seconds
Platform modules already initialized, skipping
Refreshing native plugins compatible for Editor in 0.29 ms, found 0 plugins.
Preloading 0 native plugins for Editor in 0.00 ms.
Unloading 1113 Unused Serialized files (Serialized files now loaded: 0)
System memory in use before: 61.3 MB.
System memory in use after: 61.4 MB.

Unloading 5 unused Assets to reduce memory usage. Loaded Objects now: 1659.
Total: 6.959600 ms (FindLiveObjects: 2.167000 ms CreateObjectMapping: 1.955100 ms MarkObjects: 2.763600 ms  DeleteObjects: 0.072200 ms)

========================================================================
Received Prepare
Registering precompiled user dll's ...
Registered in 0.000564 seconds.
Begin MonoManager ReloadAssembly
Native extension for WindowsStandalone target not found
Refreshing native plugins compatible for Editor in 0.19 ms, found 0 plugins.
Preloading 0 native plugins for Editor in 0.00 ms.
Invoked RoslynAnalysisRunner static constructor.
RoslynAnalysisRunner will not be running.
RoslynAnalysisRunner has terminated.
Mono: successfully reloaded assembly
- Completed reload, in  0.709 seconds
Platform modules already initialized, skipping
Refreshing native plugins compatible for Editor in 0.21 ms, found 0 plugins.
Preloading 0 native plugins for Editor in 0.00 ms.
Unloading 1113 Unused Serialized files (Serialized files now loaded: 0)
System memory in use before: 61.3 MB.
System memory in use after: 61.4 MB.

Unloading 5 unused Assets to reduce memory usage. Loaded Objects now: 1662.
Total: 1.381000 ms (FindLiveObjects: 0.190800 ms CreateObjectMapping: 0.051500 ms MarkObjects: 1.095300 ms  DeleteObjects: 0.042600 ms)

========================================================================
Received Import Request.
  Time since last request: 290.760259 seconds.
  path: Assets/Scripts/PlayerMovement.cs
  artifactKey: Guid(60d64c026ebf7844ca75e4845a8e955c) Importer(815301076,1909f56bfc062723c751e8b465ee728b)
Start importing Assets/Scripts/PlayerMovement.cs using Guid(60d64c026ebf7844ca75e4845a8e955c) Importer(815301076,1909f56bfc062723c751e8b465ee728b)  -> (artifact id: '88f52fd40b1a67480be085718f8e7a13') in 0.004073 seconds
  Import took 0.005659 seconds .

========================================================================
Received Import Request.
  Time since last request: 0.000221 seconds.
  path: Assets/Scripts/PlayerMovement.cs
  artifactKey: Guid(60d64c026ebf7844ca75e4845a8e955c) Importer(815301076,1909f56bfc062723c751e8b465ee728b)
Start importing Assets/Scripts/PlayerMovement.cs using Guid(60d64c026ebf7844ca75e4845a8e955c) Importer(815301076,1909f56bfc062723c751e8b465ee728b)  -> (artifact id: '88f52fd40b1a67480be085718f8e7a13') in 0.003251 seconds
  Import took 0.004847 seconds .

========================================================================
Received Prepare
Registering precompiled user dll's ...
Registered in 0.000608 seconds.
Begin MonoManager ReloadAssembly
Native extension for WindowsStandalone target not found
Refreshing native plugins compatible for Editor in 0.18 ms, found 0 plugins.
Preloading 0 native plugins for Editor in 0.00 ms.
Invoked RoslynAnalysisRunner static constructor.
RoslynAnalysisRunner will not be running.
RoslynAnalysisRunner has terminated.
Mono: successfully reloaded assembly
- Completed reload, in  0.678 seconds
Platform modules already initialized, skipping
Refreshing native plugins compatible for Editor in 0.18 ms, found 0 plugins.
Preloading 0 native plugins for Editor in 0.00 ms.
Unloading 1113 Unused Serialized files (Serialized files now loaded: 0)
System memory in use before: 61.3 MB.
System memory in use after: 61.4 MB.

Unloading 5 unused Assets to reduce memory usage. Loaded Objects now: 1665.
Total: 1.292300 ms (FindLiveObjects: 0.128800 ms CreateObjectMapping: 0.035200 ms MarkObjects: 1.081600 ms  DeleteObjects: 0.045600 ms)

========================================================================
Received Import Request.
  Time since last request: 112.998017 seconds.
  path: Assets/Scripts/PlayerMovement.cs
  artifactKey: Guid(60d64c026ebf7844ca75e4845a8e955c) Importer(815301076,1909f56bfc062723c751e8b465ee728b)
Start importing Assets/Scripts/PlayerMovement.cs using Guid(60d64c026ebf7844ca75e4845a8e955c) Importer(815301076,1909f56bfc062723c751e8b465ee728b)  -> (artifact id: 'f774451783ab4f2a14bd019cfcf09e9c') in 0.004255 seconds
  Import took 0.006202 seconds .

========================================================================
Received Import Request.
  Time since last request: 1.553822 seconds.
  path: Assets/Scripts/PlayerMovement.cs
  artifactKey: Guid(60d64c026ebf7844ca75e4845a8e955c) Importer(815301076,1909f56bfc062723c751e8b465ee728b)
Start importing Assets/Scripts/PlayerMovement.cs using Guid(60d64c026ebf7844ca75e4845a8e955c) Importer(815301076,1909f56bfc062723c751e8b465ee728b)  -> (artifact id: 'f774451783ab4f2a14bd019cfcf09e9c') in 0.003128 seconds
  Import took 0.005066 seconds .

========================================================================
Received Prepare
Registering precompiled user dll's ...
Registered in 0.000605 seconds.
Begin MonoManager ReloadAssembly
Native extension for WindowsStandalone target not found
Refreshing native plugins compatible for Editor in 0.20 ms, found 0 plugins.
Preloading 0 native plugins for Editor in 0.00 ms.
Invoked RoslynAnalysisRunner static constructor.
RoslynAnalysisRunner will not be running.
RoslynAnalysisRunner has terminated.
Mono: successfully reloaded assembly
- Completed reload, in  0.671 seconds
Platform modules already initialized, skipping
Refreshing native plugins compatible for Editor in 0.26 ms, found 0 plugins.
Preloading 0 native plugins for Editor in 0.00 ms.
Unloading 1113 Unused Serialized files (Serialized files now loaded: 0)
System memory in use before: 61.3 MB.
System memory in use after: 61.4 MB.

Unloading 5 unused Assets to reduce memory usage. Loaded Objects now: 1668.
Total: 1.323300 ms (FindLiveObjects: 0.128600 ms CreateObjectMapping: 0.035700 ms MarkObjects: 1.113800 ms  DeleteObjects: 0.044100 ms)

========================================================================
Received Import Request.
  Time since last request: 119.889706 seconds.
  path: Assets/Scripts/PlayerMovement.cs
  artifactKey: Guid(60d64c026ebf7844ca75e4845a8e955c) Importer(815301076,1909f56bfc062723c751e8b465ee728b)
Start importing Assets/Scripts/PlayerMovement.cs using Guid(60d64c026ebf7844ca75e4845a8e955c) Importer(815301076,1909f56bfc062723c751e8b465ee728b)  -> (artifact id: '41d90623b79be5f2d7be4e4151b862d7') in 0.003668 seconds
  Import took 0.005634 seconds .

========================================================================
Received Import Request.
  Time since last request: 1.298560 seconds.
  path: Assets/Scripts/PlayerMovement.cs
  artifactKey: Guid(60d64c026ebf7844ca75e4845a8e955c) Importer(815301076,1909f56bfc062723c751e8b465ee728b)
Start importing Assets/Scripts/PlayerMovement.cs using Guid(60d64c026ebf7844ca75e4845a8e955c) Importer(815301076,1909f56bfc062723c751e8b465ee728b)  -> (artifact id: '41d90623b79be5f2d7be4e4151b862d7') in 0.002294 seconds
  Import took 0.003970 seconds .

========================================================================
Received Prepare
Registering precompiled user dll's ...
Registered in 0.000618 seconds.
Begin MonoManager ReloadAssembly
Native extension for WindowsStandalone target not found
Refreshing native plugins compatible for Editor in 0.18 ms, found 0 plugins.
Preloading 0 native plugins for Editor in 0.00 ms.
Invoked RoslynAnalysisRunner static constructor.
RoslynAnalysisRunner will not be running.
RoslynAnalysisRunner has terminated.
Mono: successfully reloaded assembly
- Completed reload, in  0.688 seconds
Platform modules already initialized, skipping
Refreshing native plugins compatible for Editor in 0.18 ms, found 0 plugins.
Preloading 0 native plugins for Editor in 0.00 ms.
Unloading 1113 Unused Serialized files (Serialized files now loaded: 0)
System memory in use before: 61.4 MB.
System memory in use after: 61.5 MB.

Unloading 5 unused Assets to reduce memory usage. Loaded Objects now: 1671.
Total: 1.443100 ms (FindLiveObjects: 0.126100 ms CreateObjectMapping: 0.030800 ms MarkObjects: 1.238500 ms  DeleteObjects: 0.046400 ms)

AssetImportWorkerClient::OnTransportError - code=2 error=End of file
